<?xml version="1.0" encoding="UTF-8"?>
<testsuite xmlns:xsi="http://www.w3.org/2001/XMLSchema-instance" xsi:noNamespaceSchemaLocation="https://maven.apache.org/surefire/maven-surefire-plugin/xsd/surefire-test-report-3.0.xsd" version="3.0" name="coen448.computablefuture.test.AsyncProcessorTest" time="1.003" tests="30" errors="0" skipped="0" failures="0">
  <properties>
[...]
</properties>
  <testcase name="testProcessAsyncSuccess" classname="coen448.computablefuture.test.AsyncProcessorTest" time="0.31"/>
  <testcase name="testProcessAsyncSuccess" classname="coen448.computablefuture.test.AsyncProcessorTest" time="0.004"/>
  <testcase name="testProcessAsyncSuccess" classname="coen448.computablefuture.test.AsyncProcessorTest" time="0.004"/>
  <testcase name="testProcessAsyncSuccess" classname="coen448.computablefuture.test.AsyncProcessorTest" time="0.002"/>
  <testcase name="testProcessAsyncSuccess" classname="coen448.computablefuture.test.AsyncProcessorTest" time="0.004"/>
  <testcase name="testProcessAsyncFailFast_successfulAll" classname="coen448.computablefuture.test.AsyncProcessorTest" time="0.016"/>
  <testcase name="testProcessAsync_withDifferentMessages(String, String)[1]" classname="coen448.computablefuture.test.AsyncProcessorTest" time="0.036"/>
  <testcase name="testProcessAsync_withDifferentMessages(String, String)[2]" classname="coen448.computablefuture.test.AsyncProcessorTest" time="0.019"/>
  <testcase name="testProcessAsync_withDifferentMessages(String, String)[3]" classname="coen448.computablefuture.test.AsyncProcessorTest" time="0.006"/>
  <testcase name="testProcessAsyncFailFast_failsFastOnError" classname="coen448.computablefuture.test.AsyncProcessorTest" time="0.009"/>
  <testcase name="showNondeterminism_completionOrderVaries" classname="coen448.computablefuture.test.AsyncProcessorTest" time="0.028">
    <system-out><![CDATA[[C:MSG, A:MSG, B:MSG]
]]></system-out>
  </testcase>
  <testcase name="showNondeterminism_completionOrderVaries" classname="coen448.computablefuture.test.AsyncProcessorTest" time="0.021">
    <system-out><![CDATA[[B:MSG, C:MSG, A:MSG]
]]></system-out>
  </testcase>
  <testcase name="showNondeterminism_completionOrderVaries" classname="coen448.computablefuture.test.AsyncProcessorTest" time="0.022">
    <system-out><![CDATA[[B:MSG, A:MSG, C:MSG]
]]></system-out>
  </testcase>
  <testcase name="showNondeterminism_completionOrderVaries" classname="coen448.computablefuture.test.AsyncProcessorTest" time="0.026">
    <system-out><![CDATA[[A:MSG, C:MSG, B:MSG]
]]></system-out>
  </testcase>
  <testcase name="showNondeterminism_completionOrderVaries" classname="coen448.computablefuture.test.AsyncProcessorTest" time="0.032">
    <system-out><![CDATA[[B:MSG, A:MSG, C:MSG]
]]></system-out>
  </testcase>
  <testcase name="showNondeterminism_completionOrderVaries" classname="coen448.computablefuture.test.AsyncProcessorTest" time="0.013">
    <system-out><![CDATA[[B:MSG, A:MSG, C:MSG]
]]></system-out>
  </testcase>
  <testcase name="showNondeterminism_completionOrderVaries" classname="coen448.computablefuture.test.AsyncProcessorTest" time="0.03">
    <system-out><![CDATA[[B:MSG, C:MSG, A:MSG]
]]></system-out>
  </testcase>
  <testcase name="showNondeterminism_completionOrderVaries" classname="coen448.computablefuture.test.AsyncProcessorTest" time="0.024">
    <system-out><![CDATA[[B:MSG, A:MSG, C:MSG]
]]></system-out>
  </testcase>
  <testcase name="showNondeterminism_completionOrderVaries" classname="coen448.computablefuture.test.AsyncProcessorTest" time="0.027">
    <system-out><![CDATA[[C:MSG, B:MSG, A:MSG]
]]></system-out>
  </testcase>
  <testcase name="showNondeterminism_completionOrderVaries" classname="coen448.computablefuture.test.AsyncProcessorTest" time="0.029">
    <system-out><![CDATA[[A:MSG, C:MSG, B:MSG]
]]></system-out>
  </testcase>
  <testcase name="showNondeterminism_completionOrderVaries" classname="coen448.computablefuture.test.AsyncProcessorTest" time="0.027">
    <system-out><![CDATA[[C:MSG, B:MSG, A:MSG]
]]></system-out>
  </testcase>
  <testcase name="showNondeterminism_completionOrderVaries" classname="coen448.computablefuture.test.AsyncProcessorTest" time="0.032">
    <system-out><![CDATA[[C:MSG, A:MSG, B:MSG]
]]></system-out>
  </testcase>
  <testcase name="showNondeterminism_completionOrderVaries" classname="coen448.computablefuture.test.AsyncProcessorTest" time="0.022">
    <system-out><![CDATA[[C:MSG, A:MSG, B:MSG]
]]></system-out>
  </testcase>
  <testcase name="showNondeterminism_completionOrderVaries" classname="coen448.computablefuture.test.AsyncProcessorTest" time="0.023">
    <system-out><![CDATA[[A:MSG, B:MSG, C:MSG]
]]></system-out>
  </testcase>
  <testcase name="showNondeterminism_completionOrderVaries" classname="coen448.computablefuture.test.AsyncProcessorTest" time="0.026">
    <system-out><![CDATA[[A:MSG, C:MSG, B:MSG]
]]></system-out>
  </testcase>
  <testcase name="showNondeterminism_completionOrderVaries" classname="coen448.computablefuture.test.AsyncProcessorTest" time="0.02">
    <system-out><![CDATA[[C:MSG, B:MSG, A:MSG]
]]></system-out>
  </testcase>
  <testcase name="showNondeterminism_completionOrderVaries" classname="coen448.computablefuture.test.AsyncProcessorTest" time="0.014">
    <system-out><![CDATA[[C:MSG, A:MSG, B:MSG]
]]></system-out>
  </testcase>
  <testcase name="showNondeterminism_completionOrderVaries" classname="coen448.computablefuture.test.AsyncProcessorTest" time="0.031">
    <system-out><![CDATA[[A:MSG, B:MSG, C:MSG]
]]></system-out>
  </testcase>
  <testcase name="showNondeterminism_completionOrderVaries" classname="coen448.computablefuture.test.AsyncProcessorTest" time="0.029">
    <system-out><![CDATA[[C:MSG, A:MSG, B:MSG]
]]></system-out>
  </testcase>
  <testcase name="showNondeterminism_completionOrderVaries" classname="coen448.computablefuture.test.AsyncProcessorTest" time="0.026">
    <system-out><![CDATA[[A:MSG, B:MSG, C:MSG]
]]></system-out>
  </testcase>
</testsuite>